2025-04-03 21:18:53,098 - __main__ - INFO - Инициализация базы данных для уведомлений...
2025-04-03 21:18:53,817 - __main__ - INFO - Таблицы в базе данных успешно созданы
2025-04-03 21:18:54,501 - __main__ - INFO - Бот и планировщик уведомлений успешно запущены
2025-04-03 21:18:54,503 - __main__ - INFO - Ожидание 5.50 секунд до следующей проверки в 21:19:00
2025-04-03 21:19:00,014 - __main__ - INFO - Проверка уведомлений в 03.04.2025 21:19:00 +0300
2025-04-03 21:19:00,481 - __main__ - INFO - Всего активных уведомлений в базе: 0
2025-04-03 21:19:00,481 - __main__ - INFO - Запрос для поиска уведомлений: 
                SELECT id, user_id, notification_text 
                FROM tgbot_notifications 
                WHERE 
                    is_sent = FALSE AND 
                    notification_time <= %s
             с параметрами (datetime.datetime(2025, 4, 3, 21, 19, 0, 14972, tzinfo=<DstTzInfo 'Europe/Moscow' MSK+3:00:00 STD>),)
2025-04-03 21:19:00,532 - __main__ - INFO - Найдено 0 уведомлений для отправки
2025-04-03 21:19:00,532 - __main__ - INFO - Ожидание 59.47 секунд до следующей проверки в 21:20:00
2025-04-03 21:27:00,811 - __main__ - INFO - Инициализация базы данных для уведомлений...
2025-04-03 21:27:01,534 - __main__ - INFO - Таблицы в базе данных успешно созданы
2025-04-03 21:27:01,654 - __main__ - INFO - Бот и планировщик уведомлений успешно запущены
2025-04-03 21:27:01,655 - __main__ - INFO - Ожидание 58.34 секунд до следующей проверки в 21:28:00
2025-04-03 21:27:01,992 - httpx - INFO - HTTP Request: POST https://api.telegram.org/bot7889823857:AAFanRIBgq7l0vuqf-_MTRFUeDQIi5bRpjY/getMe "HTTP/1.1 200 OK"
2025-04-03 21:27:02,078 - httpx - INFO - HTTP Request: POST https://api.telegram.org/bot7889823857:AAFanRIBgq7l0vuqf-_MTRFUeDQIi5bRpjY/deleteWebhook "HTTP/1.1 200 OK"
2025-04-03 21:27:02,079 - apscheduler.scheduler - INFO - Scheduler started
2025-04-03 21:27:02,079 - telegram.ext.Application - INFO - Application started
2025-04-03 21:27:02,347 - httpx - INFO - HTTP Request: POST https://api.telegram.org/bot7889823857:AAFanRIBgq7l0vuqf-_MTRFUeDQIi5bRpjY/getUpdates "HTTP/1.1 200 OK"
2025-04-03 21:27:02,961 - httpx - INFO - HTTP Request: POST https://api.telegram.org/bot7889823857:AAFanRIBgq7l0vuqf-_MTRFUeDQIi5bRpjY/sendMessage "HTTP/1.1 200 OK"
2025-04-03 21:27:06,392 - httpx - INFO - HTTP Request: POST https://api.telegram.org/bot7889823857:AAFanRIBgq7l0vuqf-_MTRFUeDQIi5bRpjY/getUpdates "HTTP/1.1 200 OK"
2025-04-03 21:27:07,118 - httpx - INFO - HTTP Request: POST https://api.telegram.org/bot7889823857:AAFanRIBgq7l0vuqf-_MTRFUeDQIi5bRpjY/sendMessage "HTTP/1.1 200 OK"
2025-04-03 21:27:15,397 - httpx - INFO - HTTP Request: POST https://api.telegram.org/bot7889823857:AAFanRIBgq7l0vuqf-_MTRFUeDQIi5bRpjY/getUpdates "HTTP/1.1 200 OK"
2025-04-03 21:27:16,188 - httpx - INFO - HTTP Request: POST https://api.telegram.org/bot7889823857:AAFanRIBgq7l0vuqf-_MTRFUeDQIi5bRpjY/sendMessage "HTTP/1.1 200 OK"
2025-04-03 21:27:16,682 - httpx - INFO - HTTP Request: POST https://api.telegram.org/bot7889823857:AAFanRIBgq7l0vuqf-_MTRFUeDQIi5bRpjY/getUpdates "HTTP/1.1 200 OK"
2025-04-03 21:27:17,249 - __main__ - INFO - Создание уведомления для пользователя 7024261986 на 03.04.2025 21:28 с текстом: dfdsfsdfs
2025-04-03 21:27:17,788 - __main__ - INFO - Создано новое уведомление #4 для пользователя 7024261986 на 03.04.2025 21:28:00 +0300
2025-04-03 21:27:17,894 - httpx - INFO - HTTP Request: POST https://api.telegram.org/bot7889823857:AAFanRIBgq7l0vuqf-_MTRFUeDQIi5bRpjY/sendMessage "HTTP/1.1 200 OK"
2025-04-03 21:27:27,871 - httpx - INFO - HTTP Request: POST https://api.telegram.org/bot7889823857:AAFanRIBgq7l0vuqf-_MTRFUeDQIi5bRpjY/getUpdates "HTTP/1.1 200 OK"
2025-04-03 21:27:37,952 - httpx - INFO - HTTP Request: POST https://api.telegram.org/bot7889823857:AAFanRIBgq7l0vuqf-_MTRFUeDQIi5bRpjY/getUpdates "HTTP/1.1 200 OK"
2025-04-03 21:27:48,034 - httpx - INFO - HTTP Request: POST https://api.telegram.org/bot7889823857:AAFanRIBgq7l0vuqf-_MTRFUeDQIi5bRpjY/getUpdates "HTTP/1.1 200 OK"
2025-04-03 21:27:58,116 - httpx - INFO - HTTP Request: POST https://api.telegram.org/bot7889823857:AAFanRIBgq7l0vuqf-_MTRFUeDQIi5bRpjY/getUpdates "HTTP/1.1 200 OK"
2025-04-03 21:28:00,012 - __main__ - INFO - Проверка уведомлений в 03.04.2025 21:28:00 +0300
2025-04-03 21:28:00,492 - __main__ - INFO - Всего активных уведомлений в базе: 1
2025-04-03 21:28:00,493 - __main__ - INFO - Активное уведомление: ID=4, user_id=7024261986, text=dfdsfsdfs, time=2025-04-03 18:28:00+00:00, is_sent=False
2025-04-03 21:28:00,493 - __main__ - INFO - Запрос для поиска уведомлений: 
                SELECT id, user_id, notification_text 
                FROM tgbot_notifications 
                WHERE 
                    is_sent = FALSE AND 
                    notification_time <= %s
             с параметрами (datetime.datetime(2025, 4, 3, 21, 28, 0, 12253, tzinfo=<DstTzInfo 'Europe/Moscow' MSK+3:00:00 STD>),)
2025-04-03 21:28:00,542 - __main__ - INFO - Найдено 1 уведомлений для отправки
2025-04-03 21:28:00,838 - httpx - INFO - HTTP Request: POST https://api.telegram.org/bot7889823857:AAFanRIBgq7l0vuqf-_MTRFUeDQIi5bRpjY/sendMessage "HTTP/1.1 200 OK"
2025-04-03 21:28:00,897 - __main__ - INFO - Уведомление 4 отправлено пользователю 7024261986
2025-04-03 21:28:00,957 - __main__ - INFO - Ожидание 59.04 секунд до следующей проверки в 21:29:00
2025-04-03 21:28:08,197 - httpx - INFO - HTTP Request: POST https://api.telegram.org/bot7889823857:AAFanRIBgq7l0vuqf-_MTRFUeDQIi5bRpjY/getUpdates "HTTP/1.1 200 OK"
2025-04-03 21:28:18,277 - httpx - INFO - HTTP Request: POST https://api.telegram.org/bot7889823857:AAFanRIBgq7l0vuqf-_MTRFUeDQIi5bRpjY/getUpdates "HTTP/1.1 200 OK"
2025-04-03 21:28:28,362 - httpx - INFO - HTTP Request: POST https://api.telegram.org/bot7889823857:AAFanRIBgq7l0vuqf-_MTRFUeDQIi5bRpjY/getUpdates "HTTP/1.1 200 OK"
2025-04-03 21:28:38,449 - httpx - INFO - HTTP Request: POST https://api.telegram.org/bot7889823857:AAFanRIBgq7l0vuqf-_MTRFUeDQIi5bRpjY/getUpdates "HTTP/1.1 200 OK"
2025-04-03 21:42:00,856 - __main__ - INFO - Инициализация базы данных для уведомлений...
2025-04-03 21:42:01,605 - database - INFO - Таблицы в базе данных успешно созданы
2025-04-03 21:42:01,749 - __main__ - INFO - Бот и планировщик уведомлений успешно запущены
2025-04-03 21:42:01,752 - notifications - INFO - Ожидание 58.25 секунд до следующей проверки в 21:43:00
2025-04-03 21:42:02,066 - httpx - INFO - HTTP Request: POST https://api.telegram.org/bot7889823857:AAFanRIBgq7l0vuqf-_MTRFUeDQIi5bRpjY/getMe "HTTP/1.1 200 OK"
2025-04-03 21:42:02,143 - httpx - INFO - HTTP Request: POST https://api.telegram.org/bot7889823857:AAFanRIBgq7l0vuqf-_MTRFUeDQIi5bRpjY/deleteWebhook "HTTP/1.1 200 OK"
2025-04-03 21:42:02,145 - apscheduler.scheduler - INFO - Scheduler started
2025-04-03 21:42:02,146 - telegram.ext.Application - INFO - Application started
2025-04-03 21:42:07,169 - httpx - INFO - HTTP Request: POST https://api.telegram.org/bot7889823857:AAFanRIBgq7l0vuqf-_MTRFUeDQIi5bRpjY/getUpdates "HTTP/1.1 200 OK"
2025-04-03 21:42:08,973 - httpx - INFO - HTTP Request: POST https://api.telegram.org/bot7889823857:AAFanRIBgq7l0vuqf-_MTRFUeDQIi5bRpjY/sendMessage "HTTP/1.1 200 OK"
2025-04-03 21:42:16,176 - __main__ - INFO - Инициализация базы данных для уведомлений...
2025-04-03 21:42:16,876 - database - INFO - Таблицы в базе данных успешно созданы
2025-04-03 21:42:17,018 - __main__ - INFO - Бот и планировщик уведомлений успешно запущены
2025-04-03 21:42:17,019 - notifications - INFO - Ожидание 42.98 секунд до следующей проверки в 21:43:00
2025-04-03 21:42:17,306 - httpx - INFO - HTTP Request: POST https://api.telegram.org/bot7889823857:AAFanRIBgq7l0vuqf-_MTRFUeDQIi5bRpjY/getMe "HTTP/1.1 200 OK"
2025-04-03 21:42:17,388 - httpx - INFO - HTTP Request: POST https://api.telegram.org/bot7889823857:AAFanRIBgq7l0vuqf-_MTRFUeDQIi5bRpjY/deleteWebhook "HTTP/1.1 200 OK"
2025-04-03 21:42:17,389 - apscheduler.scheduler - INFO - Scheduler started
2025-04-03 21:42:17,389 - telegram.ext.Application - INFO - Application started
2025-04-03 21:42:17,661 - httpx - INFO - HTTP Request: POST https://api.telegram.org/bot7889823857:AAFanRIBgq7l0vuqf-_MTRFUeDQIi5bRpjY/getUpdates "HTTP/1.1 200 OK"
2025-04-03 21:42:18,322 - httpx - INFO - HTTP Request: POST https://api.telegram.org/bot7889823857:AAFanRIBgq7l0vuqf-_MTRFUeDQIi5bRpjY/sendMessage "HTTP/1.1 200 OK"
2025-04-03 21:42:28,210 - httpx - INFO - HTTP Request: POST https://api.telegram.org/bot7889823857:AAFanRIBgq7l0vuqf-_MTRFUeDQIi5bRpjY/getUpdates "HTTP/1.1 200 OK"
2025-04-03 21:42:38,290 - httpx - INFO - HTTP Request: POST https://api.telegram.org/bot7889823857:AAFanRIBgq7l0vuqf-_MTRFUeDQIi5bRpjY/getUpdates "HTTP/1.1 200 OK"
2025-04-03 21:42:44,568 - httpx - INFO - HTTP Request: POST https://api.telegram.org/bot7889823857:AAFanRIBgq7l0vuqf-_MTRFUeDQIi5bRpjY/getUpdates "HTTP/1.1 200 OK"
2025-04-03 21:42:45,316 - httpx - INFO - HTTP Request: POST https://api.telegram.org/bot7889823857:AAFanRIBgq7l0vuqf-_MTRFUeDQIi5bRpjY/sendMessage "HTTP/1.1 200 OK"
2025-04-03 21:42:46,215 - httpx - INFO - HTTP Request: POST https://api.telegram.org/bot7889823857:AAFanRIBgq7l0vuqf-_MTRFUeDQIi5bRpjY/getUpdates "HTTP/1.1 200 OK"
2025-04-03 21:42:46,815 - httpx - INFO - HTTP Request: POST https://api.telegram.org/bot7889823857:AAFanRIBgq7l0vuqf-_MTRFUeDQIi5bRpjY/sendMessage "HTTP/1.1 200 OK"
2025-04-03 21:42:53,179 - httpx - INFO - HTTP Request: POST https://api.telegram.org/bot7889823857:AAFanRIBgq7l0vuqf-_MTRFUeDQIi5bRpjY/getUpdates "HTTP/1.1 200 OK"
2025-04-03 21:42:54,036 - httpx - INFO - HTTP Request: POST https://api.telegram.org/bot7889823857:AAFanRIBgq7l0vuqf-_MTRFUeDQIi5bRpjY/sendMessage "HTTP/1.1 200 OK"
2025-04-03 21:42:58,615 - httpx - INFO - HTTP Request: POST https://api.telegram.org/bot7889823857:AAFanRIBgq7l0vuqf-_MTRFUeDQIi5bRpjY/getUpdates "HTTP/1.1 200 OK"
2025-04-03 21:42:59,148 - __main__ - INFO - Создание уведомления для пользователя 7024261986 на 03.04.2025 21:44 с текстом: Помыться
2025-04-03 21:42:59,714 - database - INFO - Создано новое уведомление #5 для пользователя 7024261986 на 03.04.2025 21:44:00 +0300
2025-04-03 21:43:00,009 - notifications - INFO - Проверка уведомлений в 03.04.2025 21:43:00 +0300
2025-04-03 21:43:00,095 - httpx - INFO - HTTP Request: POST https://api.telegram.org/bot7889823857:AAFanRIBgq7l0vuqf-_MTRFUeDQIi5bRpjY/sendMessage "HTTP/1.1 200 OK"
2025-04-03 21:43:00,458 - notifications - INFO - Всего активных уведомлений в базе: 1
2025-04-03 21:43:00,458 - notifications - INFO - Активное уведомление: ID=5, user_id=7024261986, text=Помыться, time=2025-04-03 18:44:00+00:00, is_sent=False
2025-04-03 21:43:00,959 - notifications - INFO - Найдено 0 уведомлений для отправки
2025-04-03 21:43:00,959 - notifications - INFO - Ожидание 59.04 секунд до следующей проверки в 21:44:00
2025-04-03 21:43:09,792 - httpx - INFO - HTTP Request: POST https://api.telegram.org/bot7889823857:AAFanRIBgq7l0vuqf-_MTRFUeDQIi5bRpjY/getUpdates "HTTP/1.1 200 OK"
